Worst paths to each PO or Reg:
============================================================================
Path:    17.00  io_fn -> io_out
Node Type            Incr  Arrival    Required   Fanout  Node Name
-------------------- ----- ---------  ---------  ------  ------------------------------
                                 0.0                     io_fn                         
not,((32))             0.0                            1
                                 0.0                     _T_1                          
mul,((32,32))         10.0                            1
                                10.0                     _T_2                          
add,((64,64))          7.0                            1
                                17.0                     _GEN_1                        
bits,((65))            0.0                            1
                                17.0                     new_DoPrim0                   
copy,((32))            0.0                            0
                                17.0                     io_out                        
==================== ===== =========  =========  ======  ==============================
============================================================================
Worst paths from each PI or Reg:
============================================================================
Path:    17.00  io_fn -> io_out
Node Type            Incr  Arrival    Required   Fanout  Node Name
-------------------- ----- ---------  ---------  ------  ------------------------------
                                           17.0          io_fn                         
not,((32))             0.0                            1
                                           17.0          _T_1                          
mul,((32,32))         10.0                            1
                                            7.0          _T_2                          
add,((64,64))          7.0                            1
                                            0.0          _GEN_1                        
bits,((65))            0.0                            1
                                            0.0          new_DoPrim0                   
copy,((32))            0.0                            0
                                            0.0          io_out                        
==================== ===== =========  =========  ======  ==============================
Path:    17.00  io_in -> io_out
Node Type            Incr  Arrival    Required   Fanout  Node Name
-------------------- ----- ---------  ---------  ------  ------------------------------
                                           17.0          io_in                         
mul,((32,32))         10.0                            1
                                            7.0          _T_2                          
add,((64,64))          7.0                            1
                                            0.0          _GEN_1                        
bits,((65))            0.0                            1
                                            0.0          new_DoPrim0                   
copy,((32))            0.0                            0
                                            0.0          io_out                        
==================== ===== =========  =========  ======  ==============================
============================================================================
Worst paths to and from each node:
============================================================================
Node Type            Incr  Arrival    Required   Fanout  Node Name
-------------------- ----- ---------  ---------  ------  ------------------------------
                                 0.0                     io_fn                         
not,((32))             0.0                            1
                                 0.0                     _T_1                          
mul,((32,32))         10.0                            1
                                10.0                     _T_2                          
add,((64,64))          7.0                            1
                                17.0                     _GEN_1                        
                                            0.0          _GEN_1                        
bits,((65))            0.0                            1
                                            0.0          new_DoPrim0                   
copy,((32))            0.0                            0
                                            0.0          io_out                        
==================== ===== =========  =========  ======  ==============================
Node Type            Incr  Arrival    Required   Fanout  Node Name
-------------------- ----- ---------  ---------  ------  ------------------------------
                                 0.0                     io_fn                         
not,((32))             0.0                            1
                                 0.0                     _T_1                          
                                           17.0          _T_1                          
mul,((32,32))         10.0                            1
                                            7.0          _T_2                          
add,((64,64))          7.0                            1
                                            0.0          _GEN_1                        
bits,((65))            0.0                            1
                                            0.0          new_DoPrim0                   
copy,((32))            0.0                            0
                                            0.0          io_out                        
==================== ===== =========  =========  ======  ==============================
Node Type            Incr  Arrival    Required   Fanout  Node Name
-------------------- ----- ---------  ---------  ------  ------------------------------
                                 0.0                     io_fn                         
not,((32))             0.0                            1
                                 0.0                     _T_1                          
mul,((32,32))         10.0                            1
                                10.0                     _T_2                          
                                            7.0          _T_2                          
add,((64,64))          7.0                            1
                                            0.0          _GEN_1                        
bits,((65))            0.0                            1
                                            0.0          new_DoPrim0                   
copy,((32))            0.0                            0
                                            0.0          io_out                        
==================== ===== =========  =========  ======  ==============================
Node Type            Incr  Arrival    Required   Fanout  Node Name
-------------------- ----- ---------  ---------  ------  ------------------------------
                                 0.0                     io_fn                         
                                           17.0          io_fn                         
not,((32))             0.0                            1
                                           17.0          _T_1                          
mul,((32,32))         10.0                            1
                                            7.0          _T_2                          
add,((64,64))          7.0                            1
                                            0.0          _GEN_1                        
bits,((65))            0.0                            1
                                            0.0          new_DoPrim0                   
copy,((32))            0.0                            0
                                            0.0          io_out                        
==================== ===== =========  =========  ======  ==============================
Node Type            Incr  Arrival    Required   Fanout  Node Name
-------------------- ----- ---------  ---------  ------  ------------------------------
                                 0.0                     io_in                         
                                           17.0          io_in                         
mul,((32,32))         10.0                            1
                                            7.0          _T_2                          
add,((64,64))          7.0                            1
                                            0.0          _GEN_1                        
bits,((65))            0.0                            1
                                            0.0          new_DoPrim0                   
copy,((32))            0.0                            0
                                            0.0          io_out                        
==================== ===== =========  =========  ======  ==============================
Node Type            Incr  Arrival    Required   Fanout  Node Name
-------------------- ----- ---------  ---------  ------  ------------------------------
                                 0.0                     io_fn                         
not,((32))             0.0                            1
                                 0.0                     _T_1                          
mul,((32,32))         10.0                            1
                                10.0                     _T_2                          
add,((64,64))          7.0                            1
                                17.0                     _GEN_1                        
bits,((65))            0.0                            1
                                17.0                     new_DoPrim0                   
copy,((32))            0.0                            0
                                17.0                     io_out                        
                                            0.0          io_out                        
==================== ===== =========  =========  ======  ==============================
Node Type            Incr  Arrival    Required   Fanout  Node Name
-------------------- ----- ---------  ---------  ------  ------------------------------
                                 0.0                     io_fn                         
not,((32))             0.0                            1
                                 0.0                     _T_1                          
mul,((32,32))         10.0                            1
                                10.0                     _T_2                          
add,((64,64))          7.0                            1
                                17.0                     _GEN_1                        
bits,((65))            0.0                            1
                                17.0                     new_DoPrim0                   
                                            0.0          new_DoPrim0                   
copy,((32))            0.0                            0
                                            0.0          io_out                        
==================== ===== =========  =========  ======  ==============================
Node Type            Incr  Arrival    Required   Fanout  Node Name
-------------------- ----- ---------  ---------  ------  ------------------------------
                                 0.0                     io_fn                         
pad,((32))             0.0                            1
                                 0.0                     _GEN_0                        
                                            7.0          _GEN_0                        
add,((64,64))          7.0                            1
                                            0.0          _GEN_1                        
bits,((65))            0.0                            1
                                            0.0          new_DoPrim0                   
copy,((32))            0.0                            0
                                            0.0          io_out                        
==================== ===== =========  =========  ======  ==============================
============================================================================
