Worst paths to each PO or Reg:
============================================================================
Path:     5.00  is -> os
Node Type            Incr  Arrival    Required   Fanout  Node Name
-------------------- ----- ---------  ---------  ------  ------------------------------
                                 0.0                     is                            
add,((8,8))            4.0                            1
                                 4.0                     _Mux_op_15                    
mux,((1),(9,9))        1.0                            1
                                 5.0                     _GEN_14                       
pad,((9))              0.0                            0
                                 5.0                     os                            
==================== ===== =========  =========  ======  ==============================
Path:    12.00  sel -> ou
Node Type            Incr  Arrival    Required   Fanout  Node Name
-------------------- ----- ---------  ---------  ------  ------------------------------
                                 0.0                     sel                           
eq,((4))               2.0                            1
                                 2.0                     _Mux_op_1                     
mux,((1),(2))          1.0                            1
                                 3.0                     _GEN_2                        
mux,((1),(2))          1.0                            1
                                 4.0                     _GEN_3                        
mux,((1),(2))          1.0                            1
                                 5.0                     _GEN_4                        
pad,((2))              0.0                            1
                                 5.0                     _Mux_op_4                     
mux,((1),(9))          1.0                            1
                                 6.0                     _GEN_5                        
mux,((1),(9,9))        1.0                            1
                                 7.0                     _GEN_6                        
mux,((1),(9,9))        1.0                            1
                                 8.0                     _GEN_7                        
mux,((1),(9))          1.0                            1
                                 9.0                     _GEN_9                        
mux,((1),(9))          1.0                            1
                                10.0                     _GEN_11                       
mux,((1),(9))          1.0                            1
                                11.0                     _GEN_13                       
mux,((1),(9,9))        1.0                            1
                                12.0                     _GEN_15                       
pad,((9))              0.0                            0
                                12.0                     ou                            
==================== ===== =========  =========  ======  ==============================
============================================================================
Worst paths from each PI or Reg:
============================================================================
Path:    10.00  is -> ou
Node Type            Incr  Arrival    Required   Fanout  Node Name
-------------------- ----- ---------  ---------  ------  ------------------------------
                                           10.0          is                            
asUInt,((8))           0.0                            2
                                           10.0          _GEN_16                       
add,((8,8))            4.0                            1
                                            6.0          _Mux_op_6                     
mux,((1),(9,9))        1.0                            1
                                            5.0          _GEN_6                        
mux,((1),(9,9))        1.0                            1
                                            4.0          _GEN_7                        
mux,((1),(9))          1.0                            1
                                            3.0          _GEN_9                        
mux,((1),(9))          1.0                            1
                                            2.0          _GEN_11                       
mux,((1),(9))          1.0                            1
                                            1.0          _GEN_13                       
mux,((1),(9,9))        1.0                            1
                                            0.0          _GEN_15                       
pad,((9))              0.0                            0
                                            0.0          ou                            
==================== ===== =========  =========  ======  ==============================
Path:    10.00  iu -> ou
Node Type            Incr  Arrival    Required   Fanout  Node Name
-------------------- ----- ---------  ---------  ------  ------------------------------
                                           10.0          iu                            
add,((8,8))            4.0                            1
                                            6.0          _Mux_op_6                     
mux,((1),(9,9))        1.0                            1
                                            5.0          _GEN_6                        
mux,((1),(9,9))        1.0                            1
                                            4.0          _GEN_7                        
mux,((1),(9))          1.0                            1
                                            3.0          _GEN_9                        
mux,((1),(9))          1.0                            1
                                            2.0          _GEN_11                       
mux,((1),(9))          1.0                            1
                                            1.0          _GEN_13                       
mux,((1),(9,9))        1.0                            1
                                            0.0          _GEN_15                       
pad,((9))              0.0                            0
                                            0.0          ou                            
==================== ===== =========  =========  ======  ==============================
Path:    12.00  sel -> ou
Node Type            Incr  Arrival    Required   Fanout  Node Name
-------------------- ----- ---------  ---------  ------  ------------------------------
                                           12.0          sel                           
eq,((4))               2.0                            1
                                           10.0          _Mux_op_0                     
mux,((1),())           0.0                            1
                                           10.0          _GEN_1                        
mux,((1),(2))          1.0                            1
                                            9.0          _GEN_2                        
mux,((1),(2))          1.0                            1
                                            8.0          _GEN_3                        
mux,((1),(2))          1.0                            1
                                            7.0          _GEN_4                        
pad,((2))              0.0                            1
                                            7.0          _Mux_op_4                     
mux,((1),(9))          1.0                            1
                                            6.0          _GEN_5                        
mux,((1),(9,9))        1.0                            1
                                            5.0          _GEN_6                        
mux,((1),(9,9))        1.0                            1
                                            4.0          _GEN_7                        
mux,((1),(9))          1.0                            1
                                            3.0          _GEN_9                        
mux,((1),(9))          1.0                            1
                                            2.0          _GEN_11                       
mux,((1),(9))          1.0                            1
                                            1.0          _GEN_13                       
mux,((1),(9,9))        1.0                            1
                                            0.0          _GEN_15                       
pad,((9))              0.0                            0
                                            0.0          ou                            
==================== ===== =========  =========  ======  ==============================
============================================================================
Worst paths to and from each node:
============================================================================
Node Type            Incr  Arrival    Required   Fanout  Node Name
-------------------- ----- ---------  ---------  ------  ------------------------------
                                 0.0                     sel                           
eq,((4))               2.0                            1
                                 2.0                     _Mux_op_0                     
mux,((1),())           0.0                            1
                                 2.0                     _GEN_1                        
                                           10.0          _GEN_1                        
mux,((1),(2))          1.0                            1
                                            9.0          _GEN_2                        
mux,((1),(2))          1.0                            1
                                            8.0          _GEN_3                        
mux,((1),(2))          1.0                            1
                                            7.0          _GEN_4                        
pad,((2))              0.0                            1
                                            7.0          _Mux_op_4                     
mux,((1),(9))          1.0                            1
                                            6.0          _GEN_5                        
mux,((1),(9,9))        1.0                            1
                                            5.0          _GEN_6                        
mux,((1),(9,9))        1.0                            1
                                            4.0          _GEN_7                        
mux,((1),(9))          1.0                            1
                                            3.0          _GEN_9                        
mux,((1),(9))          1.0                            1
                                            2.0          _GEN_11                       
mux,((1),(9))          1.0                            1
                                            1.0          _GEN_13                       
mux,((1),(9,9))        1.0                            1
                                            0.0          _GEN_15                       
pad,((9))              0.0                            0
                                            0.0          ou                            
==================== ===== =========  =========  ======  ==============================
Node Type            Incr  Arrival    Required   Fanout  Node Name
-------------------- ----- ---------  ---------  ------  ------------------------------
                                 0.0                     sel                           
eq,((4))               2.0                            1
                                 2.0                     _Mux_op_1                     
mux,((1),(2))          1.0                            1
                                 3.0                     _GEN_2                        
mux,((1),(2))          1.0                            1
                                 4.0                     _GEN_3                        
mux,((1),(2))          1.0                            1
                                 5.0                     _GEN_4                        
pad,((2))              0.0                            1
                                 5.0                     _Mux_op_4                     
mux,((1),(9))          1.0                            1
                                 6.0                     _GEN_5                        
mux,((1),(9,9))        1.0                            1
                                 7.0                     _GEN_6                        
mux,((1),(9,9))        1.0                            1
                                 8.0                     _GEN_7                        
mux,((1),(9))          1.0                            1
                                 9.0                     _GEN_9                        
mux,((1),(9))          1.0                            1
                                10.0                     _GEN_11                       
                                            2.0          _GEN_11                       
mux,((1),(9))          1.0                            1
                                            1.0          _GEN_13                       
mux,((1),(9,9))        1.0                            1
                                            0.0          _GEN_15                       
pad,((9))              0.0                            0
                                            0.0          ou                            
==================== ===== =========  =========  ======  ==============================
Node Type            Incr  Arrival    Required   Fanout  Node Name
-------------------- ----- ---------  ---------  ------  ------------------------------
                                 0.0                     sel                           
eq,((4))               2.0                            1
                                 2.0                     _Mux_op_1                     
mux,((1),(2))          1.0                            1
                                 3.0                     _GEN_2                        
mux,((1),(2))          1.0                            1
                                 4.0                     _GEN_3                        
mux,((1),(2))          1.0                            1
                                 5.0                     _GEN_4                        
pad,((2))              0.0                            1
                                 5.0                     _Mux_op_4                     
mux,((1),(9))          1.0                            1
                                 6.0                     _GEN_5                        
mux,((1),(9,9))        1.0                            1
                                 7.0                     _GEN_6                        
mux,((1),(9,9))        1.0                            1
                                 8.0                     _GEN_7                        
mux,((1),(9))          1.0                            1
                                 9.0                     _GEN_9                        
mux,((1),(9))          1.0                            1
                                10.0                     _GEN_11                       
mux,((1),(9))          1.0                            1
                                11.0                     _GEN_13                       
                                            1.0          _GEN_13                       
mux,((1),(9,9))        1.0                            1
                                            0.0          _GEN_15                       
pad,((9))              0.0                            0
                                            0.0          ou                            
==================== ===== =========  =========  ======  ==============================
Node Type            Incr  Arrival    Required   Fanout  Node Name
-------------------- ----- ---------  ---------  ------  ------------------------------
                                 0.0                     sel                           
eq,((4))               2.0                            1
                                 2.0                     _Mux_op_1                     
mux,((1),(2))          1.0                            1
                                 3.0                     _GEN_2                        
mux,((1),(2))          1.0                            1
                                 4.0                     _GEN_3                        
mux,((1),(2))          1.0                            1
                                 5.0                     _GEN_4                        
pad,((2))              0.0                            1
                                 5.0                     _Mux_op_4                     
mux,((1),(9))          1.0                            1
                                 6.0                     _GEN_5                        
mux,((1),(9,9))        1.0                            1
                                 7.0                     _GEN_6                        
mux,((1),(9,9))        1.0                            1
                                 8.0                     _GEN_7                        
mux,((1),(9))          1.0                            1
                                 9.0                     _GEN_9                        
mux,((1),(9))          1.0                            1
                                10.0                     _GEN_11                       
mux,((1),(9))          1.0                            1
                                11.0                     _GEN_13                       
mux,((1),(9,9))        1.0                            1
                                12.0                     _GEN_15                       
                                            0.0          _GEN_15                       
pad,((9))              0.0                            0
                                            0.0          ou                            
==================== ===== =========  =========  ======  ==============================
Node Type            Incr  Arrival    Required   Fanout  Node Name
-------------------- ----- ---------  ---------  ------  ------------------------------
                                 0.0                     sel                           
eq,((4))               2.0                            1
                                 2.0                     _Mux_op_1                     
mux,((1),(2))          1.0                            1
                                 3.0                     _GEN_2                        
                                            9.0          _GEN_2                        
mux,((1),(2))          1.0                            1
                                            8.0          _GEN_3                        
mux,((1),(2))          1.0                            1
                                            7.0          _GEN_4                        
pad,((2))              0.0                            1
                                            7.0          _Mux_op_4                     
mux,((1),(9))          1.0                            1
                                            6.0          _GEN_5                        
mux,((1),(9,9))        1.0                            1
                                            5.0          _GEN_6                        
mux,((1),(9,9))        1.0                            1
                                            4.0          _GEN_7                        
mux,((1),(9))          1.0                            1
                                            3.0          _GEN_9                        
mux,((1),(9))          1.0                            1
                                            2.0          _GEN_11                       
mux,((1),(9))          1.0                            1
                                            1.0          _GEN_13                       
mux,((1),(9,9))        1.0                            1
                                            0.0          _GEN_15                       
pad,((9))              0.0                            0
                                            0.0          ou                            
==================== ===== =========  =========  ======  ==============================
Node Type            Incr  Arrival    Required   Fanout  Node Name
-------------------- ----- ---------  ---------  ------  ------------------------------
                                 0.0                     sel                           
eq,((4))               2.0                            1
                                 2.0                     _Mux_op_1                     
mux,((1),(2))          1.0                            1
                                 3.0                     _GEN_2                        
mux,((1),(2))          1.0                            1
                                 4.0                     _GEN_3                        
                                            8.0          _GEN_3                        
mux,((1),(2))          1.0                            1
                                            7.0          _GEN_4                        
pad,((2))              0.0                            1
                                            7.0          _Mux_op_4                     
mux,((1),(9))          1.0                            1
                                            6.0          _GEN_5                        
mux,((1),(9,9))        1.0                            1
                                            5.0          _GEN_6                        
mux,((1),(9,9))        1.0                            1
                                            4.0          _GEN_7                        
mux,((1),(9))          1.0                            1
                                            3.0          _GEN_9                        
mux,((1),(9))          1.0                            1
                                            2.0          _GEN_11                       
mux,((1),(9))          1.0                            1
                                            1.0          _GEN_13                       
mux,((1),(9,9))        1.0                            1
                                            0.0          _GEN_15                       
pad,((9))              0.0                            0
                                            0.0          ou                            
==================== ===== =========  =========  ======  ==============================
Node Type            Incr  Arrival    Required   Fanout  Node Name
-------------------- ----- ---------  ---------  ------  ------------------------------
                                 0.0                     sel                           
eq,((4))               2.0                            1
                                 2.0                     _Mux_op_1                     
mux,((1),(2))          1.0                            1
                                 3.0                     _GEN_2                        
mux,((1),(2))          1.0                            1
                                 4.0                     _GEN_3                        
mux,((1),(2))          1.0                            1
                                 5.0                     _GEN_4                        
                                            7.0          _GEN_4                        
pad,((2))              0.0                            1
                                            7.0          _Mux_op_4                     
mux,((1),(9))          1.0                            1
                                            6.0          _GEN_5                        
mux,((1),(9,9))        1.0                            1
                                            5.0          _GEN_6                        
mux,((1),(9,9))        1.0                            1
                                            4.0          _GEN_7                        
mux,((1),(9))          1.0                            1
                                            3.0          _GEN_9                        
mux,((1),(9))          1.0                            1
                                            2.0          _GEN_11                       
mux,((1),(9))          1.0                            1
                                            1.0          _GEN_13                       
mux,((1),(9,9))        1.0                            1
                                            0.0          _GEN_15                       
pad,((9))              0.0                            0
                                            0.0          ou                            
==================== ===== =========  =========  ======  ==============================
Node Type            Incr  Arrival    Required   Fanout  Node Name
-------------------- ----- ---------  ---------  ------  ------------------------------
                                 0.0                     sel                           
eq,((4))               2.0                            1
                                 2.0                     _Mux_op_1                     
mux,((1),(2))          1.0                            1
                                 3.0                     _GEN_2                        
mux,((1),(2))          1.0                            1
                                 4.0                     _GEN_3                        
mux,((1),(2))          1.0                            1
                                 5.0                     _GEN_4                        
pad,((2))              0.0                            1
                                 5.0                     _Mux_op_4                     
mux,((1),(9))          1.0                            1
                                 6.0                     _GEN_5                        
                                            6.0          _GEN_5                        
mux,((1),(9,9))        1.0                            1
                                            5.0          _GEN_6                        
mux,((1),(9,9))        1.0                            1
                                            4.0          _GEN_7                        
mux,((1),(9))          1.0                            1
                                            3.0          _GEN_9                        
mux,((1),(9))          1.0                            1
                                            2.0          _GEN_11                       
mux,((1),(9))          1.0                            1
                                            1.0          _GEN_13                       
mux,((1),(9,9))        1.0                            1
                                            0.0          _GEN_15                       
pad,((9))              0.0                            0
                                            0.0          ou                            
==================== ===== =========  =========  ======  ==============================
Node Type            Incr  Arrival    Required   Fanout  Node Name
-------------------- ----- ---------  ---------  ------  ------------------------------
                                 0.0                     sel                           
eq,((4))               2.0                            1
                                 2.0                     _Mux_op_1                     
mux,((1),(2))          1.0                            1
                                 3.0                     _GEN_2                        
mux,((1),(2))          1.0                            1
                                 4.0                     _GEN_3                        
mux,((1),(2))          1.0                            1
                                 5.0                     _GEN_4                        
pad,((2))              0.0                            1
                                 5.0                     _Mux_op_4                     
mux,((1),(9))          1.0                            1
                                 6.0                     _GEN_5                        
mux,((1),(9,9))        1.0                            1
                                 7.0                     _GEN_6                        
                                            5.0          _GEN_6                        
mux,((1),(9,9))        1.0                            1
                                            4.0          _GEN_7                        
mux,((1),(9))          1.0                            1
                                            3.0          _GEN_9                        
mux,((1),(9))          1.0                            1
                                            2.0          _GEN_11                       
mux,((1),(9))          1.0                            1
                                            1.0          _GEN_13                       
mux,((1),(9,9))        1.0                            1
                                            0.0          _GEN_15                       
pad,((9))              0.0                            0
                                            0.0          ou                            
==================== ===== =========  =========  ======  ==============================
Node Type            Incr  Arrival    Required   Fanout  Node Name
-------------------- ----- ---------  ---------  ------  ------------------------------
                                 0.0                     sel                           
eq,((4))               2.0                            1
                                 2.0                     _Mux_op_1                     
mux,((1),(2))          1.0                            1
                                 3.0                     _GEN_2                        
mux,((1),(2))          1.0                            1
                                 4.0                     _GEN_3                        
mux,((1),(2))          1.0                            1
                                 5.0                     _GEN_4                        
pad,((2))              0.0                            1
                                 5.0                     _Mux_op_4                     
mux,((1),(9))          1.0                            1
                                 6.0                     _GEN_5                        
mux,((1),(9,9))        1.0                            1
                                 7.0                     _GEN_6                        
mux,((1),(9,9))        1.0                            1
                                 8.0                     _GEN_7                        
                                            4.0          _GEN_7                        
mux,((1),(9))          1.0                            1
                                            3.0          _GEN_9                        
mux,((1),(9))          1.0                            1
                                            2.0          _GEN_11                       
mux,((1),(9))          1.0                            1
                                            1.0          _GEN_13                       
mux,((1),(9,9))        1.0                            1
                                            0.0          _GEN_15                       
pad,((9))              0.0                            0
                                            0.0          ou                            
==================== ===== =========  =========  ======  ==============================
Node Type            Incr  Arrival    Required   Fanout  Node Name
-------------------- ----- ---------  ---------  ------  ------------------------------
                                 0.0                     sel                           
eq,((4))               2.0                            1
                                 2.0                     _Mux_op_1                     
mux,((1),(2))          1.0                            1
                                 3.0                     _GEN_2                        
mux,((1),(2))          1.0                            1
                                 4.0                     _GEN_3                        
mux,((1),(2))          1.0                            1
                                 5.0                     _GEN_4                        
pad,((2))              0.0                            1
                                 5.0                     _Mux_op_4                     
mux,((1),(9))          1.0                            1
                                 6.0                     _GEN_5                        
mux,((1),(9,9))        1.0                            1
                                 7.0                     _GEN_6                        
mux,((1),(9,9))        1.0                            1
                                 8.0                     _GEN_7                        
mux,((1),(9))          1.0                            1
                                 9.0                     _GEN_9                        
                                            3.0          _GEN_9                        
mux,((1),(9))          1.0                            1
                                            2.0          _GEN_11                       
mux,((1),(9))          1.0                            1
                                            1.0          _GEN_13                       
mux,((1),(9,9))        1.0                            1
                                            0.0          _GEN_15                       
pad,((9))              0.0                            0
                                            0.0          ou                            
==================== ===== =========  =========  ======  ==============================
Node Type            Incr  Arrival    Required   Fanout  Node Name
-------------------- ----- ---------  ---------  ------  ------------------------------
                                 0.0                     sel                           
eq,((4))               2.0                            1
                                 2.0                     _Mux_op_0                     
                                           10.0          _Mux_op_0                     
mux,((1),())           0.0                            1
                                           10.0          _GEN_1                        
mux,((1),(2))          1.0                            1
                                            9.0          _GEN_2                        
mux,((1),(2))          1.0                            1
                                            8.0          _GEN_3                        
mux,((1),(2))          1.0                            1
                                            7.0          _GEN_4                        
pad,((2))              0.0                            1
                                            7.0          _Mux_op_4                     
mux,((1),(9))          1.0                            1
                                            6.0          _GEN_5                        
mux,((1),(9,9))        1.0                            1
                                            5.0          _GEN_6                        
mux,((1),(9,9))        1.0                            1
                                            4.0          _GEN_7                        
mux,((1),(9))          1.0                            1
                                            3.0          _GEN_9                        
mux,((1),(9))          1.0                            1
                                            2.0          _GEN_11                       
mux,((1),(9))          1.0                            1
                                            1.0          _GEN_13                       
mux,((1),(9,9))        1.0                            1
                                            0.0          _GEN_15                       
pad,((9))              0.0                            0
                                            0.0          ou                            
==================== ===== =========  =========  ======  ==============================
Node Type            Incr  Arrival    Required   Fanout  Node Name
-------------------- ----- ---------  ---------  ------  ------------------------------
                                 0.0                     sel                           
eq,((4))               2.0                            1
                                 2.0                     _Mux_op_1                     
                                           10.0          _Mux_op_1                     
mux,((1),(2))          1.0                            1
                                            9.0          _GEN_2                        
mux,((1),(2))          1.0                            1
                                            8.0          _GEN_3                        
mux,((1),(2))          1.0                            1
                                            7.0          _GEN_4                        
pad,((2))              0.0                            1
                                            7.0          _Mux_op_4                     
mux,((1),(9))          1.0                            1
                                            6.0          _GEN_5                        
mux,((1),(9,9))        1.0                            1
                                            5.0          _GEN_6                        
mux,((1),(9,9))        1.0                            1
                                            4.0          _GEN_7                        
mux,((1),(9))          1.0                            1
                                            3.0          _GEN_9                        
mux,((1),(9))          1.0                            1
                                            2.0          _GEN_11                       
mux,((1),(9))          1.0                            1
                                            1.0          _GEN_13                       
mux,((1),(9,9))        1.0                            1
                                            0.0          _GEN_15                       
pad,((9))              0.0                            0
                                            0.0          ou                            
==================== ===== =========  =========  ======  ==============================
Node Type            Incr  Arrival    Required   Fanout  Node Name
-------------------- ----- ---------  ---------  ------  ------------------------------
                                 0.0                     sel                           
eq,((4))               2.0                            1
                                 2.0                     _Mux_op_1                     
mux,((1),(2))          1.0                            1
                                 3.0                     _GEN_2                        
mux,((1),(2))          1.0                            1
                                 4.0                     _GEN_3                        
mux,((1),(2))          1.0                            1
                                 5.0                     _GEN_4                        
pad,((2))              0.0                            1
                                 5.0                     _Mux_op_4                     
                                            7.0          _Mux_op_4                     
mux,((1),(9))          1.0                            1
                                            6.0          _GEN_5                        
mux,((1),(9,9))        1.0                            1
                                            5.0          _GEN_6                        
mux,((1),(9,9))        1.0                            1
                                            4.0          _GEN_7                        
mux,((1),(9))          1.0                            1
                                            3.0          _GEN_9                        
mux,((1),(9))          1.0                            1
                                            2.0          _GEN_11                       
mux,((1),(9))          1.0                            1
                                            1.0          _GEN_13                       
mux,((1),(9,9))        1.0                            1
                                            0.0          _GEN_15                       
pad,((9))              0.0                            0
                                            0.0          ou                            
==================== ===== =========  =========  ======  ==============================
Node Type            Incr  Arrival    Required   Fanout  Node Name
-------------------- ----- ---------  ---------  ------  ------------------------------
                                 0.0                     sel                           
eq,((4))               2.0                            1
                                 2.0                     _Mux_op_1                     
mux,((1),(2))          1.0                            1
                                 3.0                     _GEN_2                        
mux,((1),(2))          1.0                            1
                                 4.0                     _GEN_3                        
mux,((1),(2))          1.0                            1
                                 5.0                     _GEN_4                        
pad,((2))              0.0                            1
                                 5.0                     _Mux_op_4                     
mux,((1),(9))          1.0                            1
                                 6.0                     _GEN_5                        
mux,((1),(9,9))        1.0                            1
                                 7.0                     _GEN_6                        
mux,((1),(9,9))        1.0                            1
                                 8.0                     _GEN_7                        
mux,((1),(9))          1.0                            1
                                 9.0                     _GEN_9                        
mux,((1),(9))          1.0                            1
                                10.0                     _GEN_11                       
mux,((1),(9))          1.0                            1
                                11.0                     _GEN_13                       
mux,((1),(9,9))        1.0                            1
                                12.0                     _GEN_15                       
pad,((9))              0.0                            0
                                12.0                     ou                            
                                            0.0          ou                            
==================== ===== =========  =========  ======  ==============================
Node Type            Incr  Arrival    Required   Fanout  Node Name
-------------------- ----- ---------  ---------  ------  ------------------------------
                                 0.0                     sel                           
                                           12.0          sel                           
eq,((4))               2.0                            1
                                           10.0          _Mux_op_0                     
mux,((1),())           0.0                            1
                                           10.0          _GEN_1                        
mux,((1),(2))          1.0                            1
                                            9.0          _GEN_2                        
mux,((1),(2))          1.0                            1
                                            8.0          _GEN_3                        
mux,((1),(2))          1.0                            1
                                            7.0          _GEN_4                        
pad,((2))              0.0                            1
                                            7.0          _Mux_op_4                     
mux,((1),(9))          1.0                            1
                                            6.0          _GEN_5                        
mux,((1),(9,9))        1.0                            1
                                            5.0          _GEN_6                        
mux,((1),(9,9))        1.0                            1
                                            4.0          _GEN_7                        
mux,((1),(9))          1.0                            1
                                            3.0          _GEN_9                        
mux,((1),(9))          1.0                            1
                                            2.0          _GEN_11                       
mux,((1),(9))          1.0                            1
                                            1.0          _GEN_13                       
mux,((1),(9,9))        1.0                            1
                                            0.0          _GEN_15                       
pad,((9))              0.0                            0
                                            0.0          ou                            
==================== ===== =========  =========  ======  ==============================
Node Type            Incr  Arrival    Required   Fanout  Node Name
-------------------- ----- ---------  ---------  ------  ------------------------------
                                 0.0                     sel                           
eq,((4))               2.0                            1
                                 2.0                     _Mux_op_2                     
                                            9.0          _Mux_op_2                     
mux,((1),(2))          1.0                            1
                                            8.0          _GEN_3                        
mux,((1),(2))          1.0                            1
                                            7.0          _GEN_4                        
pad,((2))              0.0                            1
                                            7.0          _Mux_op_4                     
mux,((1),(9))          1.0                            1
                                            6.0          _GEN_5                        
mux,((1),(9,9))        1.0                            1
                                            5.0          _GEN_6                        
mux,((1),(9,9))        1.0                            1
                                            4.0          _GEN_7                        
mux,((1),(9))          1.0                            1
                                            3.0          _GEN_9                        
mux,((1),(9))          1.0                            1
                                            2.0          _GEN_11                       
mux,((1),(9))          1.0                            1
                                            1.0          _GEN_13                       
mux,((1),(9,9))        1.0                            1
                                            0.0          _GEN_15                       
pad,((9))              0.0                            0
                                            0.0          ou                            
==================== ===== =========  =========  ======  ==============================
Node Type            Incr  Arrival    Required   Fanout  Node Name
-------------------- ----- ---------  ---------  ------  ------------------------------
                                 0.0                     is                            
asUInt,((8))           0.0                            2
                                 0.0                     _GEN_16                       
                                           10.0          _GEN_16                       
add,((8,8))            4.0                            1
                                            6.0          _Mux_op_6                     
mux,((1),(9,9))        1.0                            1
                                            5.0          _GEN_6                        
mux,((1),(9,9))        1.0                            1
                                            4.0          _GEN_7                        
mux,((1),(9))          1.0                            1
                                            3.0          _GEN_9                        
mux,((1),(9))          1.0                            1
                                            2.0          _GEN_11                       
mux,((1),(9))          1.0                            1
                                            1.0          _GEN_13                       
mux,((1),(9,9))        1.0                            1
                                            0.0          _GEN_15                       
pad,((9))              0.0                            0
                                            0.0          ou                            
==================== ===== =========  =========  ======  ==============================
Node Type            Incr  Arrival    Required   Fanout  Node Name
-------------------- ----- ---------  ---------  ------  ------------------------------
                                 0.0                     sel                           
eq,((4))               2.0                            1
                                 2.0                     _Mux_op_3                     
                                            8.0          _Mux_op_3                     
mux,((1),(2))          1.0                            1
                                            7.0          _GEN_4                        
pad,((2))              0.0                            1
                                            7.0          _Mux_op_4                     
mux,((1),(9))          1.0                            1
                                            6.0          _GEN_5                        
mux,((1),(9,9))        1.0                            1
                                            5.0          _GEN_6                        
mux,((1),(9,9))        1.0                            1
                                            4.0          _GEN_7                        
mux,((1),(9))          1.0                            1
                                            3.0          _GEN_9                        
mux,((1),(9))          1.0                            1
                                            2.0          _GEN_11                       
mux,((1),(9))          1.0                            1
                                            1.0          _GEN_13                       
mux,((1),(9,9))        1.0                            1
                                            0.0          _GEN_15                       
pad,((9))              0.0                            0
                                            0.0          ou                            
==================== ===== =========  =========  ======  ==============================
Node Type            Incr  Arrival    Required   Fanout  Node Name
-------------------- ----- ---------  ---------  ------  ------------------------------
                                 0.0                     is                            
asUInt,((8))           0.0                            2
                                 0.0                     _GEN_16                       
add,((8,8))            4.0                            1
                                 4.0                     _Mux_op_6                     
                                            6.0          _Mux_op_6                     
mux,((1),(9,9))        1.0                            1
                                            5.0          _GEN_6                        
mux,((1),(9,9))        1.0                            1
                                            4.0          _GEN_7                        
mux,((1),(9))          1.0                            1
                                            3.0          _GEN_9                        
mux,((1),(9))          1.0                            1
                                            2.0          _GEN_11                       
mux,((1),(9))          1.0                            1
                                            1.0          _GEN_13                       
mux,((1),(9,9))        1.0                            1
                                            0.0          _GEN_15                       
pad,((9))              0.0                            0
                                            0.0          ou                            
==================== ===== =========  =========  ======  ==============================
Node Type            Incr  Arrival    Required   Fanout  Node Name
-------------------- ----- ---------  ---------  ------  ------------------------------
                                 0.0                     is                            
                                           10.0          is                            
asUInt,((8))           0.0                            2
                                           10.0          _GEN_16                       
add,((8,8))            4.0                            1
                                            6.0          _Mux_op_6                     
mux,((1),(9,9))        1.0                            1
                                            5.0          _GEN_6                        
mux,((1),(9,9))        1.0                            1
                                            4.0          _GEN_7                        
mux,((1),(9))          1.0                            1
                                            3.0          _GEN_9                        
mux,((1),(9))          1.0                            1
                                            2.0          _GEN_11                       
mux,((1),(9))          1.0                            1
                                            1.0          _GEN_13                       
mux,((1),(9,9))        1.0                            1
                                            0.0          _GEN_15                       
pad,((9))              0.0                            0
                                            0.0          ou                            
==================== ===== =========  =========  ======  ==============================
Node Type            Incr  Arrival    Required   Fanout  Node Name
-------------------- ----- ---------  ---------  ------  ------------------------------
                                 0.0                     iu                            
                                           10.0          iu                            
add,((8,8))            4.0                            1
                                            6.0          _Mux_op_6                     
mux,((1),(9,9))        1.0                            1
                                            5.0          _GEN_6                        
mux,((1),(9,9))        1.0                            1
                                            4.0          _GEN_7                        
mux,((1),(9))          1.0                            1
                                            3.0          _GEN_9                        
mux,((1),(9))          1.0                            1
                                            2.0          _GEN_11                       
mux,((1),(9))          1.0                            1
                                            1.0          _GEN_13                       
mux,((1),(9,9))        1.0                            1
                                            0.0          _GEN_15                       
pad,((9))              0.0                            0
                                            0.0          ou                            
==================== ===== =========  =========  ======  ==============================
Node Type            Incr  Arrival    Required   Fanout  Node Name
-------------------- ----- ---------  ---------  ------  ------------------------------
                                 0.0                     sel                           
eq,((4))               2.0                            1
                                 2.0                     _Mux_op_5                     
                                            7.0          _Mux_op_5                     
mux,((1),(9))          1.0                            1
                                            6.0          _GEN_5                        
mux,((1),(9,9))        1.0                            1
                                            5.0          _GEN_6                        
mux,((1),(9,9))        1.0                            1
                                            4.0          _GEN_7                        
mux,((1),(9))          1.0                            1
                                            3.0          _GEN_9                        
mux,((1),(9))          1.0                            1
                                            2.0          _GEN_11                       
mux,((1),(9))          1.0                            1
                                            1.0          _GEN_13                       
mux,((1),(9,9))        1.0                            1
                                            0.0          _GEN_15                       
pad,((9))              0.0                            0
                                            0.0          ou                            
==================== ===== =========  =========  ======  ==============================
Node Type            Incr  Arrival    Required   Fanout  Node Name
-------------------- ----- ---------  ---------  ------  ------------------------------
                                 0.0                     is                            
asUInt,((8))           0.0                            2
                                 0.0                     _GEN_16                       
add,((8,8))            4.0                            1
                                 4.0                     _Mux_op_8                     
                                            5.0          _Mux_op_8                     
mux,((1),(9,9))        1.0                            1
                                            4.0          _GEN_7                        
mux,((1),(9))          1.0                            1
                                            3.0          _GEN_9                        
mux,((1),(9))          1.0                            1
                                            2.0          _GEN_11                       
mux,((1),(9))          1.0                            1
                                            1.0          _GEN_13                       
mux,((1),(9,9))        1.0                            1
                                            0.0          _GEN_15                       
pad,((9))              0.0                            0
                                            0.0          ou                            
==================== ===== =========  =========  ======  ==============================
Node Type            Incr  Arrival    Required   Fanout  Node Name
-------------------- ----- ---------  ---------  ------  ------------------------------
                                 0.0                     sel                           
eq,((4))               2.0                            1
                                 2.0                     _Mux_op_7                     
                                            6.0          _Mux_op_7                     
mux,((1),(9,9))        1.0                            1
                                            5.0          _GEN_6                        
mux,((1),(9,9))        1.0                            1
                                            4.0          _GEN_7                        
mux,((1),(9))          1.0                            1
                                            3.0          _GEN_9                        
mux,((1),(9))          1.0                            1
                                            2.0          _GEN_11                       
mux,((1),(9))          1.0                            1
                                            1.0          _GEN_13                       
mux,((1),(9,9))        1.0                            1
                                            0.0          _GEN_15                       
pad,((9))              0.0                            0
                                            0.0          ou                            
==================== ===== =========  =========  ======  ==============================
Node Type            Incr  Arrival    Required   Fanout  Node Name
-------------------- ----- ---------  ---------  ------  ------------------------------
                                 0.0                     sel                           
eq,((4))               2.0                            1
                                 2.0                     _Mux_op_9                     
                                            5.0          _Mux_op_9                     
mux,((1),(9,9))        1.0                            1
                                            4.0          _GEN_7                        
mux,((1),(9))          1.0                            1
                                            3.0          _GEN_9                        
mux,((1),(9))          1.0                            1
                                            2.0          _GEN_11                       
mux,((1),(9))          1.0                            1
                                            1.0          _GEN_13                       
mux,((1),(9,9))        1.0                            1
                                            0.0          _GEN_15                       
pad,((9))              0.0                            0
                                            0.0          ou                            
==================== ===== =========  =========  ======  ==============================
Node Type            Incr  Arrival    Required   Fanout  Node Name
-------------------- ----- ---------  ---------  ------  ------------------------------
                                 0.0                     sel                           
eq,((4))               2.0                            1
                                 2.0                     _Mux_op_10                    
                                            4.0          _Mux_op_10                    
mux,((1),(9))          1.0                            1
                                            3.0          _GEN_9                        
mux,((1),(9))          1.0                            1
                                            2.0          _GEN_11                       
mux,((1),(9))          1.0                            1
                                            1.0          _GEN_13                       
mux,((1),(9,9))        1.0                            1
                                            0.0          _GEN_15                       
pad,((9))              0.0                            0
                                            0.0          ou                            
==================== ===== =========  =========  ======  ==============================
Node Type            Incr  Arrival    Required   Fanout  Node Name
-------------------- ----- ---------  ---------  ------  ------------------------------
                                 0.0                     is                            
add,((8,8))            4.0                            1
                                 4.0                     _Mux_op_15                    
mux,((1),(9,9))        1.0                            1
                                 5.0                     _GEN_14                       
                                            0.0          _GEN_14                       
pad,((9))              0.0                            0
                                            0.0          os                            
==================== ===== =========  =========  ======  ==============================
Node Type            Incr  Arrival    Required   Fanout  Node Name
-------------------- ----- ---------  ---------  ------  ------------------------------
                                 0.0                     sel                           
eq,((4))               2.0                            1
                                 2.0                     _Mux_op_12                    
                                            3.0          _Mux_op_12                    
mux,((1),(9))          1.0                            1
                                            2.0          _GEN_11                       
mux,((1),(9))          1.0                            1
                                            1.0          _GEN_13                       
mux,((1),(9,9))        1.0                            1
                                            0.0          _GEN_15                       
pad,((9))              0.0                            0
                                            0.0          ou                            
==================== ===== =========  =========  ======  ==============================
Node Type            Incr  Arrival    Required   Fanout  Node Name
-------------------- ----- ---------  ---------  ------  ------------------------------
                                 0.0                     is                            
add,((8,8))            4.0                            1
                                 4.0                     _Mux_op_15                    
                                            1.0          _Mux_op_15                    
mux,((1),(9,9))        1.0                            1
                                            0.0          _GEN_14                       
pad,((9))              0.0                            0
                                            0.0          os                            
==================== ===== =========  =========  ======  ==============================
Node Type            Incr  Arrival    Required   Fanout  Node Name
-------------------- ----- ---------  ---------  ------  ------------------------------
                                 0.0                     iu                            
add,((8,8))            4.0                            1
                                 4.0                     _Mux_op_17                    
                                            1.0          _Mux_op_17                    
mux,((1),(9,9))        1.0                            1
                                            0.0          _GEN_15                       
pad,((9))              0.0                            0
                                            0.0          ou                            
==================== ===== =========  =========  ======  ==============================
Node Type            Incr  Arrival    Required   Fanout  Node Name
-------------------- ----- ---------  ---------  ------  ------------------------------
                                 0.0                     is                            
add,((8,8))            4.0                            1
                                 4.0                     _Mux_op_15                    
mux,((1),(9,9))        1.0                            1
                                 5.0                     _GEN_14                       
pad,((9))              0.0                            0
                                 5.0                     os                            
                                            0.0          os                            
==================== ===== =========  =========  ======  ==============================
Node Type            Incr  Arrival    Required   Fanout  Node Name
-------------------- ----- ---------  ---------  ------  ------------------------------
                                 0.0                     sel                           
eq,((4))               2.0                            1
                                 2.0                     _Mux_op_11                    
mux,((1),())           0.0                            1
                                 2.0                     _GEN_10                       
                                            2.0          _GEN_10                       
mux,((1),(9))          1.0                            1
                                            1.0          _GEN_12                       
mux,((1),(9,9))        1.0                            1
                                            0.0          _GEN_14                       
pad,((9))              0.0                            0
                                            0.0          os                            
==================== ===== =========  =========  ======  ==============================
Node Type            Incr  Arrival    Required   Fanout  Node Name
-------------------- ----- ---------  ---------  ------  ------------------------------
                                 0.0                     sel                           
eq,((4))               2.0                            1
                                 2.0                     _Mux_op_13                    
mux,((1),(9))          1.0                            1
                                 3.0                     _GEN_12                       
                                            1.0          _GEN_12                       
mux,((1),(9,9))        1.0                            1
                                            0.0          _GEN_14                       
pad,((9))              0.0                            0
                                            0.0          os                            
==================== ===== =========  =========  ======  ==============================
Node Type            Incr  Arrival    Required   Fanout  Node Name
-------------------- ----- ---------  ---------  ------  ------------------------------
                                 0.0                     sel                           
eq,((4))               2.0                            1
                                 2.0                     _Mux_op_11                    
                                            2.0          _Mux_op_11                    
mux,((1),())           0.0                            1
                                            2.0          _GEN_10                       
mux,((1),(9))          1.0                            1
                                            1.0          _GEN_12                       
mux,((1),(9,9))        1.0                            1
                                            0.0          _GEN_14                       
pad,((9))              0.0                            0
                                            0.0          os                            
==================== ===== =========  =========  ======  ==============================
Node Type            Incr  Arrival    Required   Fanout  Node Name
-------------------- ----- ---------  ---------  ------  ------------------------------
                                 0.0                     sel                           
eq,((4))               2.0                            1
                                 2.0                     _Mux_op_13                    
                                            2.0          _Mux_op_13                    
mux,((1),(9))          1.0                            1
                                            1.0          _GEN_12                       
mux,((1),(9,9))        1.0                            1
                                            0.0          _GEN_14                       
pad,((9))              0.0                            0
                                            0.0          os                            
==================== ===== =========  =========  ======  ==============================
Node Type            Incr  Arrival    Required   Fanout  Node Name
-------------------- ----- ---------  ---------  ------  ------------------------------
                                 0.0                     sel                           
eq,((4))               2.0                            1
                                 2.0                     _Mux_op_14                    
                                            2.0          _Mux_op_14                    
mux,((1),(9))          1.0                            1
                                            1.0          _GEN_13                       
mux,((1),(9,9))        1.0                            1
                                            0.0          _GEN_15                       
pad,((9))              0.0                            0
                                            0.0          ou                            
==================== ===== =========  =========  ======  ==============================
Node Type            Incr  Arrival    Required   Fanout  Node Name
-------------------- ----- ---------  ---------  ------  ------------------------------
                                 0.0                     sel                           
eq,((4))               2.0                            1
                                 2.0                     _Mux_op_16                    
                                            1.0          _Mux_op_16                    
mux,((1),(9,9))        1.0                            1
                                            0.0          _GEN_14                       
pad,((9))              0.0                            0
                                            0.0          os                            
==================== ===== =========  =========  ======  ==============================
Node Type            Incr  Arrival    Required   Fanout  Node Name
-------------------- ----- ---------  ---------  ------  ------------------------------
                                 0.0                     sel                           
eq,((4))               2.0                            1
                                 2.0                     _Mux_op_18                    
                                            1.0          _Mux_op_18                    
mux,((1),(9,9))        1.0                            1
                                            0.0          _GEN_15                       
pad,((9))              0.0                            0
                                            0.0          ou                            
==================== ===== =========  =========  ======  ==============================
============================================================================
