Worst paths to each PO or Reg:
============================================================================
Path:     3.00  io_in -> io_exceptionFlags
Node Type            Incr  Arrival    Required   Fanout  Node Name
-------------------- ----- ---------  ---------  ------  ------------------------------
                                 0.0                     io_in                         
bits,((33))            0.0                            4
                                 0.0                     _T_10                         
bits,((9))             0.0                            1
                                 0.0                     _T_14                         
eq,((2))               1.0                            2
                                 1.0                     _T_16                         
and,((1,1))            1.0                            4
                                 2.0                     outRawFloat_isNaN             
and,((1,1))            1.0                            1
                                 3.0                     invalidExc                    
cat,((1))              0.0                            0
                                 3.0                     io_exceptionFlags             
==================== ===== =========  =========  ======  ==============================
Path:    19.00  io_in -> io_out
Node Type            Incr  Arrival    Required   Fanout  Node Name
-------------------- ----- ---------  ---------  ------  ------------------------------
                                 0.0                     io_in                         
bits,((33))            0.0                            4
                                 0.0                     _T_10                         
cvt,((9))              0.0                            1
                                 0.0                     _T_38                         
pad,((10))             0.0                            1
                                 0.0                     _GEN_0                        
add,((12))             3.0                            1
                                 3.0                     outRawFloat_sExp              
bits,((13))            0.0                            1
                                 3.0                     _T_69                         
and,((12,12))          4.0                            1
                                 7.0                     _T_74                         
and,((12,12))          4.0                            1
                                11.0                     _T_80                         
or,((12,12))           4.0                            1
                                15.0                     _T_84                         
or,((12,12))           4.0                            1
                                19.0                     _T_88                         
cat,((1,12))           0.0                            1
                                19.0                     _T_93                         
cat,((13,52))          0.0                            0
                                19.0                     io_out                        
==================== ===== =========  =========  ======  ==============================
============================================================================
Worst paths from each PI or Reg:
============================================================================
Path:    19.00  io_in -> io_out
Node Type            Incr  Arrival    Required   Fanout  Node Name
-------------------- ----- ---------  ---------  ------  ------------------------------
                                           19.0          io_in                         
bits,((33))            0.0                            4
                                           19.0          _T_10                         
cvt,((9))              0.0                            1
                                           19.0          _T_38                         
pad,((10))             0.0                            1
                                           19.0          _GEN_0                        
add,((12))             3.0                            1
                                           16.0          outRawFloat_sExp              
bits,((13))            0.0                            1
                                           16.0          _T_69                         
and,((12,12))          4.0                            1
                                           12.0          _T_74                         
and,((12,12))          4.0                            1
                                            8.0          _T_80                         
or,((12,12))           4.0                            1
                                            4.0          _T_84                         
or,((12,12))           4.0                            1
                                            0.0          _T_88                         
cat,((1,12))           0.0                            1
                                            0.0          _T_93                         
cat,((13,52))          0.0                            0
                                            0.0          io_out                        
==================== ===== =========  =========  ======  ==============================
============================================================================
Worst paths to and from each node:
============================================================================
Node Type            Incr  Arrival    Required   Fanout  Node Name
-------------------- ----- ---------  ---------  ------  ------------------------------
                                 0.0                     io_in                         
bits,((33))            0.0                            4
                                 0.0                     _T_10                         
cvt,((9))              0.0                            1
                                 0.0                     _T_38                         
pad,((10))             0.0                            1
                                 0.0                     _GEN_0                        
                                           19.0          _GEN_0                        
add,((12))             3.0                            1
                                           16.0          outRawFloat_sExp              
bits,((13))            0.0                            1
                                           16.0          _T_69                         
and,((12,12))          4.0                            1
                                           12.0          _T_74                         
and,((12,12))          4.0                            1
                                            8.0          _T_80                         
or,((12,12))           4.0                            1
                                            4.0          _T_84                         
or,((12,12))           4.0                            1
                                            0.0          _T_88                         
cat,((1,12))           0.0                            1
                                            0.0          _T_93                         
cat,((13,52))          0.0                            0
                                            0.0          io_out                        
==================== ===== =========  =========  ======  ==============================
Node Type            Incr  Arrival    Required   Fanout  Node Name
-------------------- ----- ---------  ---------  ------  ------------------------------
                                 0.0                     io_in                         
bits,((33))            0.0                            4
                                 0.0                     _T_10                         
                                           19.0          _T_10                         
cvt,((9))              0.0                            1
                                           19.0          _T_38                         
pad,((10))             0.0                            1
                                           19.0          _GEN_0                        
add,((12))             3.0                            1
                                           16.0          outRawFloat_sExp              
bits,((13))            0.0                            1
                                           16.0          _T_69                         
and,((12,12))          4.0                            1
                                           12.0          _T_74                         
and,((12,12))          4.0                            1
                                            8.0          _T_80                         
or,((12,12))           4.0                            1
                                            4.0          _T_84                         
or,((12,12))           4.0                            1
                                            0.0          _T_88                         
cat,((1,12))           0.0                            1
                                            0.0          _T_93                         
cat,((13,52))          0.0                            0
                                            0.0          io_out                        
==================== ===== =========  =========  ======  ==============================
Node Type            Incr  Arrival    Required   Fanout  Node Name
-------------------- ----- ---------  ---------  ------  ------------------------------
                                 0.0                     io_in                         
bits,((33))            0.0                            4
                                 0.0                     _T_10                         
cvt,((9))              0.0                            1
                                 0.0                     _T_38                         
                                           19.0          _T_38                         
pad,((10))             0.0                            1
                                           19.0          _GEN_0                        
add,((12))             3.0                            1
                                           16.0          outRawFloat_sExp              
bits,((13))            0.0                            1
                                           16.0          _T_69                         
and,((12,12))          4.0                            1
                                           12.0          _T_74                         
and,((12,12))          4.0                            1
                                            8.0          _T_80                         
or,((12,12))           4.0                            1
                                            4.0          _T_84                         
or,((12,12))           4.0                            1
                                            0.0          _T_88                         
cat,((1,12))           0.0                            1
                                            0.0          _T_93                         
cat,((13,52))          0.0                            0
                                            0.0          io_out                        
==================== ===== =========  =========  ======  ==============================
Node Type            Incr  Arrival    Required   Fanout  Node Name
-------------------- ----- ---------  ---------  ------  ------------------------------
                                 0.0                     io_in                         
bits,((33))            0.0                            4
                                 0.0                     _T_10                         
cvt,((9))              0.0                            1
                                 0.0                     _T_38                         
pad,((10))             0.0                            1
                                 0.0                     _GEN_0                        
add,((12))             3.0                            1
                                 3.0                     outRawFloat_sExp              
bits,((13))            0.0                            1
                                 3.0                     _T_69                         
                                           16.0          _T_69                         
and,((12,12))          4.0                            1
                                           12.0          _T_74                         
and,((12,12))          4.0                            1
                                            8.0          _T_80                         
or,((12,12))           4.0                            1
                                            4.0          _T_84                         
or,((12,12))           4.0                            1
                                            0.0          _T_88                         
cat,((1,12))           0.0                            1
                                            0.0          _T_93                         
cat,((13,52))          0.0                            0
                                            0.0          io_out                        
==================== ===== =========  =========  ======  ==============================
Node Type            Incr  Arrival    Required   Fanout  Node Name
-------------------- ----- ---------  ---------  ------  ------------------------------
                                 0.0                     io_in                         
bits,((33))            0.0                            4
                                 0.0                     _T_10                         
cvt,((9))              0.0                            1
                                 0.0                     _T_38                         
pad,((10))             0.0                            1
                                 0.0                     _GEN_0                        
add,((12))             3.0                            1
                                 3.0                     outRawFloat_sExp              
bits,((13))            0.0                            1
                                 3.0                     _T_69                         
and,((12,12))          4.0                            1
                                 7.0                     _T_74                         
                                           12.0          _T_74                         
and,((12,12))          4.0                            1
                                            8.0          _T_80                         
or,((12,12))           4.0                            1
                                            4.0          _T_84                         
or,((12,12))           4.0                            1
                                            0.0          _T_88                         
cat,((1,12))           0.0                            1
                                            0.0          _T_93                         
cat,((13,52))          0.0                            0
                                            0.0          io_out                        
==================== ===== =========  =========  ======  ==============================
Node Type            Incr  Arrival    Required   Fanout  Node Name
-------------------- ----- ---------  ---------  ------  ------------------------------
                                 0.0                     io_in                         
bits,((33))            0.0                            4
                                 0.0                     _T_10                         
cvt,((9))              0.0                            1
                                 0.0                     _T_38                         
pad,((10))             0.0                            1
                                 0.0                     _GEN_0                        
add,((12))             3.0                            1
                                 3.0                     outRawFloat_sExp              
bits,((13))            0.0                            1
                                 3.0                     _T_69                         
and,((12,12))          4.0                            1
                                 7.0                     _T_74                         
and,((12,12))          4.0                            1
                                11.0                     _T_80                         
                                            8.0          _T_80                         
or,((12,12))           4.0                            1
                                            4.0          _T_84                         
or,((12,12))           4.0                            1
                                            0.0          _T_88                         
cat,((1,12))           0.0                            1
                                            0.0          _T_93                         
cat,((13,52))          0.0                            0
                                            0.0          io_out                        
==================== ===== =========  =========  ======  ==============================
Node Type            Incr  Arrival    Required   Fanout  Node Name
-------------------- ----- ---------  ---------  ------  ------------------------------
                                 0.0                     io_in                         
bits,((33))            0.0                            4
                                 0.0                     _T_10                         
cvt,((9))              0.0                            1
                                 0.0                     _T_38                         
pad,((10))             0.0                            1
                                 0.0                     _GEN_0                        
add,((12))             3.0                            1
                                 3.0                     outRawFloat_sExp              
bits,((13))            0.0                            1
                                 3.0                     _T_69                         
and,((12,12))          4.0                            1
                                 7.0                     _T_74                         
and,((12,12))          4.0                            1
                                11.0                     _T_80                         
or,((12,12))           4.0                            1
                                15.0                     _T_84                         
                                            4.0          _T_84                         
or,((12,12))           4.0                            1
                                            0.0          _T_88                         
cat,((1,12))           0.0                            1
                                            0.0          _T_93                         
cat,((13,52))          0.0                            0
                                            0.0          io_out                        
==================== ===== =========  =========  ======  ==============================
Node Type            Incr  Arrival    Required   Fanout  Node Name
-------------------- ----- ---------  ---------  ------  ------------------------------
                                 0.0                     io_in                         
bits,((33))            0.0                            4
                                 0.0                     _T_10                         
cvt,((9))              0.0                            1
                                 0.0                     _T_38                         
pad,((10))             0.0                            1
                                 0.0                     _GEN_0                        
add,((12))             3.0                            1
                                 3.0                     outRawFloat_sExp              
bits,((13))            0.0                            1
                                 3.0                     _T_69                         
and,((12,12))          4.0                            1
                                 7.0                     _T_74                         
and,((12,12))          4.0                            1
                                11.0                     _T_80                         
or,((12,12))           4.0                            1
                                15.0                     _T_84                         
or,((12,12))           4.0                            1
                                19.0                     _T_88                         
                                            0.0          _T_88                         
cat,((1,12))           0.0                            1
                                            0.0          _T_93                         
cat,((13,52))          0.0                            0
                                            0.0          io_out                        
==================== ===== =========  =========  ======  ==============================
Node Type            Incr  Arrival    Required   Fanout  Node Name
-------------------- ----- ---------  ---------  ------  ------------------------------
                                 0.0                     io_in                         
bits,((33))            0.0                            4
                                 0.0                     _T_10                         
cvt,((9))              0.0                            1
                                 0.0                     _T_38                         
pad,((10))             0.0                            1
                                 0.0                     _GEN_0                        
add,((12))             3.0                            1
                                 3.0                     outRawFloat_sExp              
bits,((13))            0.0                            1
                                 3.0                     _T_69                         
and,((12,12))          4.0                            1
                                 7.0                     _T_74                         
and,((12,12))          4.0                            1
                                11.0                     _T_80                         
or,((12,12))           4.0                            1
                                15.0                     _T_84                         
or,((12,12))           4.0                            1
                                19.0                     _T_88                         
cat,((1,12))           0.0                            1
                                19.0                     _T_93                         
                                            0.0          _T_93                         
cat,((13,52))          0.0                            0
                                            0.0          io_out                        
==================== ===== =========  =========  ======  ==============================
Node Type            Incr  Arrival    Required   Fanout  Node Name
-------------------- ----- ---------  ---------  ------  ------------------------------
                                 0.0                     io_in                         
                                           19.0          io_in                         
bits,((33))            0.0                            4
                                           19.0          _T_10                         
cvt,((9))              0.0                            1
                                           19.0          _T_38                         
pad,((10))             0.0                            1
                                           19.0          _GEN_0                        
add,((12))             3.0                            1
                                           16.0          outRawFloat_sExp              
bits,((13))            0.0                            1
                                           16.0          _T_69                         
and,((12,12))          4.0                            1
                                           12.0          _T_74                         
and,((12,12))          4.0                            1
                                            8.0          _T_80                         
or,((12,12))           4.0                            1
                                            4.0          _T_84                         
or,((12,12))           4.0                            1
                                            0.0          _T_88                         
cat,((1,12))           0.0                            1
                                            0.0          _T_93                         
cat,((13,52))          0.0                            0
                                            0.0          io_out                        
==================== ===== =========  =========  ======  ==============================
Node Type            Incr  Arrival    Required   Fanout  Node Name
-------------------- ----- ---------  ---------  ------  ------------------------------
                                 0.0                     io_in                         
bits,((33))            0.0                            4
                                 0.0                     _T_10                         
cvt,((9))              0.0                            1
                                 0.0                     _T_38                         
pad,((10))             0.0                            1
                                 0.0                     _GEN_0                        
add,((12))             3.0                            1
                                 3.0                     outRawFloat_sExp              
bits,((13))            0.0                            1
                                 3.0                     _T_69                         
and,((12,12))          4.0                            1
                                 7.0                     _T_74                         
and,((12,12))          4.0                            1
                                11.0                     _T_80                         
or,((12,12))           4.0                            1
                                15.0                     _T_84                         
or,((12,12))           4.0                            1
                                19.0                     _T_88                         
cat,((1,12))           0.0                            1
                                19.0                     _T_93                         
cat,((13,52))          0.0                            0
                                19.0                     io_out                        
                                            0.0          io_out                        
==================== ===== =========  =========  ======  ==============================
Node Type            Incr  Arrival    Required   Fanout  Node Name
-------------------- ----- ---------  ---------  ------  ------------------------------
                                 0.0                     io_in                         
bits,((33))            0.0                            4
                                 0.0                     _T_10                         
cvt,((9))              0.0                            1
                                 0.0                     _T_38                         
pad,((10))             0.0                            1
                                 0.0                     _GEN_0                        
add,((12))             3.0                            1
                                 3.0                     outRawFloat_sExp              
                                           16.0          outRawFloat_sExp              
bits,((13))            0.0                            1
                                           16.0          _T_69                         
and,((12,12))          4.0                            1
                                           12.0          _T_74                         
and,((12,12))          4.0                            1
                                            8.0          _T_80                         
or,((12,12))           4.0                            1
                                            4.0          _T_84                         
or,((12,12))           4.0                            1
                                            0.0          _T_88                         
cat,((1,12))           0.0                            1
                                            0.0          _T_93                         
cat,((13,52))          0.0                            0
                                            0.0          io_out                        
==================== ===== =========  =========  ======  ==============================
Node Type            Incr  Arrival    Required   Fanout  Node Name
-------------------- ----- ---------  ---------  ------  ------------------------------
                                 0.0                     io_in                         
bits,((33))            0.0                            4
                                 0.0                     _T_10                         
bits,((9))             0.0                            1
                                 0.0                     _T_11                         
                                           17.0          _T_11                         
eq,((3))               1.0                            3
                                           16.0          outRawFloat_isZero            
mux,((1),())           0.0                            1
                                           16.0          _T_72                         
not,((12))             0.0                            1
                                           16.0          _T_73                         
and,((12,12))          4.0                            1
                                           12.0          _T_74                         
and,((12,12))          4.0                            1
                                            8.0          _T_80                         
or,((12,12))           4.0                            1
                                            4.0          _T_84                         
or,((12,12))           4.0                            1
                                            0.0          _T_88                         
cat,((1,12))           0.0                            1
                                            0.0          _T_93                         
cat,((13,52))          0.0                            0
                                            0.0          io_out                        
==================== ===== =========  =========  ======  ==============================
Node Type            Incr  Arrival    Required   Fanout  Node Name
-------------------- ----- ---------  ---------  ------  ------------------------------
                                 0.0                     io_in                         
bits,((33))            0.0                            4
                                 0.0                     _T_10                         
bits,((9))             0.0                            1
                                 0.0                     _T_11                         
eq,((3))               1.0                            3
                                 1.0                     outRawFloat_isZero            
mux,((1),())           0.0                            1
                                 1.0                     _T_72                         
                                           16.0          _T_72                         
not,((12))             0.0                            1
                                           16.0          _T_73                         
and,((12,12))          4.0                            1
                                           12.0          _T_74                         
and,((12,12))          4.0                            1
                                            8.0          _T_80                         
or,((12,12))           4.0                            1
                                            4.0          _T_84                         
or,((12,12))           4.0                            1
                                            0.0          _T_88                         
cat,((1,12))           0.0                            1
                                            0.0          _T_93                         
cat,((13,52))          0.0                            0
                                            0.0          io_out                        
==================== ===== =========  =========  ======  ==============================
Node Type            Incr  Arrival    Required   Fanout  Node Name
-------------------- ----- ---------  ---------  ------  ------------------------------
                                 0.0                     io_in                         
bits,((33))            0.0                            4
                                 0.0                     _T_10                         
bits,((9))             0.0                            1
                                 0.0                     _T_11                         
eq,((3))               1.0                            3
                                 1.0                     outRawFloat_isZero            
mux,((1),())           0.0                            1
                                 1.0                     _T_72                         
not,((12))             0.0                            1
                                 1.0                     _T_73                         
                                           16.0          _T_73                         
and,((12,12))          4.0                            1
                                           12.0          _T_74                         
and,((12,12))          4.0                            1
                                            8.0          _T_80                         
or,((12,12))           4.0                            1
                                            4.0          _T_84                         
or,((12,12))           4.0                            1
                                            0.0          _T_88                         
cat,((1,12))           0.0                            1
                                            0.0          _T_93                         
cat,((13,52))          0.0                            0
                                            0.0          io_out                        
==================== ===== =========  =========  ======  ==============================
Node Type            Incr  Arrival    Required   Fanout  Node Name
-------------------- ----- ---------  ---------  ------  ------------------------------
                                 0.0                     io_in                         
bits,((33))            0.0                            4
                                 0.0                     _T_10                         
bits,((9))             0.0                            1
                                 0.0                     _T_11                         
eq,((3))               1.0                            3
                                 1.0                     outRawFloat_isZero            
                                           16.0          outRawFloat_isZero            
mux,((1),())           0.0                            1
                                           16.0          _T_72                         
not,((12))             0.0                            1
                                           16.0          _T_73                         
and,((12,12))          4.0                            1
                                           12.0          _T_74                         
and,((12,12))          4.0                            1
                                            8.0          _T_80                         
or,((12,12))           4.0                            1
                                            4.0          _T_84                         
or,((12,12))           4.0                            1
                                            0.0          _T_88                         
cat,((1,12))           0.0                            1
                                            0.0          _T_93                         
cat,((13,52))          0.0                            0
                                            0.0          io_out                        
==================== ===== =========  =========  ======  ==============================
Node Type            Incr  Arrival    Required   Fanout  Node Name
-------------------- ----- ---------  ---------  ------  ------------------------------
                                 0.0                     io_in                         
bits,((33))            0.0                            4
                                 0.0                     _T_10                         
bits,((9))             0.0                            1
                                 0.0                     _T_14                         
                                           15.0          _T_14                         
eq,((2))               1.0                            2
                                           14.0          _T_16                         
and,((1,1))            1.0                            2
                                           13.0          outRawFloat_isInf             
or,((1,1))             1.0                            1
                                           12.0          _T_75                         
mux,((1),())           0.0                            1
                                           12.0          _T_78                         
not,((12))             0.0                            1
                                           12.0          _T_79                         
and,((12,12))          4.0                            1
                                            8.0          _T_80                         
or,((12,12))           4.0                            1
                                            4.0          _T_84                         
or,((12,12))           4.0                            1
                                            0.0          _T_88                         
cat,((1,12))           0.0                            1
                                            0.0          _T_93                         
cat,((13,52))          0.0                            0
                                            0.0          io_out                        
==================== ===== =========  =========  ======  ==============================
Node Type            Incr  Arrival    Required   Fanout  Node Name
-------------------- ----- ---------  ---------  ------  ------------------------------
                                 0.0                     io_in                         
bits,((33))            0.0                            4
                                 0.0                     _T_10                         
bits,((9))             0.0                            1
                                 0.0                     _T_14                         
eq,((2))               1.0                            2
                                 1.0                     _T_16                         
                                           14.0          _T_16                         
and,((1,1))            1.0                            2
                                           13.0          outRawFloat_isInf             
or,((1,1))             1.0                            1
                                           12.0          _T_75                         
mux,((1),())           0.0                            1
                                           12.0          _T_78                         
not,((12))             0.0                            1
                                           12.0          _T_79                         
and,((12,12))          4.0                            1
                                            8.0          _T_80                         
or,((12,12))           4.0                            1
                                            4.0          _T_84                         
or,((12,12))           4.0                            1
                                            0.0          _T_88                         
cat,((1,12))           0.0                            1
                                            0.0          _T_93                         
cat,((13,52))          0.0                            0
                                            0.0          io_out                        
==================== ===== =========  =========  ======  ==============================
Node Type            Incr  Arrival    Required   Fanout  Node Name
-------------------- ----- ---------  ---------  ------  ------------------------------
                                 0.0                     io_in                         
bits,((33))            0.0                            4
                                 0.0                     _T_10                         
bits,((9))             0.0                            1
                                 0.0                     _T_14                         
eq,((2))               1.0                            2
                                 1.0                     _T_16                         
and,((1,1))            1.0                            2
                                 2.0                     outRawFloat_isInf             
or,((1,1))             1.0                            1
                                 3.0                     _T_75                         
                                           12.0          _T_75                         
mux,((1),())           0.0                            1
                                           12.0          _T_78                         
not,((12))             0.0                            1
                                           12.0          _T_79                         
and,((12,12))          4.0                            1
                                            8.0          _T_80                         
or,((12,12))           4.0                            1
                                            4.0          _T_84                         
or,((12,12))           4.0                            1
                                            0.0          _T_88                         
cat,((1,12))           0.0                            1
                                            0.0          _T_93                         
cat,((13,52))          0.0                            0
                                            0.0          io_out                        
==================== ===== =========  =========  ======  ==============================
Node Type            Incr  Arrival    Required   Fanout  Node Name
-------------------- ----- ---------  ---------  ------  ------------------------------
                                 0.0                     io_in                         
bits,((33))            0.0                            4
                                 0.0                     _T_10                         
bits,((9))             0.0                            1
                                 0.0                     _T_14                         
eq,((2))               1.0                            2
                                 1.0                     _T_16                         
and,((1,1))            1.0                            2
                                 2.0                     outRawFloat_isInf             
or,((1,1))             1.0                            1
                                 3.0                     _T_75                         
mux,((1),())           0.0                            1
                                 3.0                     _T_78                         
                                           12.0          _T_78                         
not,((12))             0.0                            1
                                           12.0          _T_79                         
and,((12,12))          4.0                            1
                                            8.0          _T_80                         
or,((12,12))           4.0                            1
                                            4.0          _T_84                         
or,((12,12))           4.0                            1
                                            0.0          _T_88                         
cat,((1,12))           0.0                            1
                                            0.0          _T_93                         
cat,((13,52))          0.0                            0
                                            0.0          io_out                        
==================== ===== =========  =========  ======  ==============================
Node Type            Incr  Arrival    Required   Fanout  Node Name
-------------------- ----- ---------  ---------  ------  ------------------------------
                                 0.0                     io_in                         
bits,((33))            0.0                            4
                                 0.0                     _T_10                         
bits,((9))             0.0                            1
                                 0.0                     _T_14                         
eq,((2))               1.0                            2
                                 1.0                     _T_16                         
and,((1,1))            1.0                            2
                                 2.0                     outRawFloat_isInf             
or,((1,1))             1.0                            1
                                 3.0                     _T_75                         
mux,((1),())           0.0                            1
                                 3.0                     _T_78                         
not,((12))             0.0                            1
                                 3.0                     _T_79                         
                                           12.0          _T_79                         
and,((12,12))          4.0                            1
                                            8.0          _T_80                         
or,((12,12))           4.0                            1
                                            4.0          _T_84                         
or,((12,12))           4.0                            1
                                            0.0          _T_88                         
cat,((1,12))           0.0                            1
                                            0.0          _T_93                         
cat,((13,52))          0.0                            0
                                            0.0          io_out                        
==================== ===== =========  =========  ======  ==============================
Node Type            Incr  Arrival    Required   Fanout  Node Name
-------------------- ----- ---------  ---------  ------  ------------------------------
                                 0.0                     io_in                         
bits,((33))            0.0                            4
                                 0.0                     _T_10                         
bits,((9))             0.0                            1
                                 0.0                     _T_14                         
eq,((2))               1.0                            2
                                 1.0                     _T_16                         
and,((1,1))            1.0                            2
                                 2.0                     outRawFloat_isInf             
                                           13.0          outRawFloat_isInf             
or,((1,1))             1.0                            1
                                           12.0          _T_75                         
mux,((1),())           0.0                            1
                                           12.0          _T_78                         
not,((12))             0.0                            1
                                           12.0          _T_79                         
and,((12,12))          4.0                            1
                                            8.0          _T_80                         
or,((12,12))           4.0                            1
                                            4.0          _T_84                         
or,((12,12))           4.0                            1
                                            0.0          _T_88                         
cat,((1,12))           0.0                            1
                                            0.0          _T_93                         
cat,((13,52))          0.0                            0
                                            0.0          io_out                        
==================== ===== =========  =========  ======  ==============================
Node Type            Incr  Arrival    Required   Fanout  Node Name
-------------------- ----- ---------  ---------  ------  ------------------------------
                                 0.0                     io_in                         
bits,((33))            0.0                            4
                                 0.0                     _T_10                         
bits,((9))             0.0                            2
                                 0.0                     _T_32                         
                                           14.0          _T_32                         
not,((1))              0.0                            1
                                           14.0          _T_36                         
and,((1,1))            1.0                            2
                                           13.0          outRawFloat_isInf             
or,((1,1))             1.0                            1
                                           12.0          _T_75                         
mux,((1),())           0.0                            1
                                           12.0          _T_78                         
not,((12))             0.0                            1
                                           12.0          _T_79                         
and,((12,12))          4.0                            1
                                            8.0          _T_80                         
or,((12,12))           4.0                            1
                                            4.0          _T_84                         
or,((12,12))           4.0                            1
                                            0.0          _T_88                         
cat,((1,12))           0.0                            1
                                            0.0          _T_93                         
cat,((13,52))          0.0                            0
                                            0.0          io_out                        
==================== ===== =========  =========  ======  ==============================
Node Type            Incr  Arrival    Required   Fanout  Node Name
-------------------- ----- ---------  ---------  ------  ------------------------------
                                 0.0                     io_in                         
bits,((33))            0.0                            4
                                 0.0                     _T_10                         
bits,((9))             0.0                            2
                                 0.0                     _T_32                         
not,((1))              0.0                            1
                                 0.0                     _T_36                         
                                           14.0          _T_36                         
and,((1,1))            1.0                            2
                                           13.0          outRawFloat_isInf             
or,((1,1))             1.0                            1
                                           12.0          _T_75                         
mux,((1),())           0.0                            1
                                           12.0          _T_78                         
not,((12))             0.0                            1
                                           12.0          _T_79                         
and,((12,12))          4.0                            1
                                            8.0          _T_80                         
or,((12,12))           4.0                            1
                                            4.0          _T_84                         
or,((12,12))           4.0                            1
                                            0.0          _T_88                         
cat,((1,12))           0.0                            1
                                            0.0          _T_93                         
cat,((13,52))          0.0                            0
                                            0.0          io_out                        
==================== ===== =========  =========  ======  ==============================
Node Type            Incr  Arrival    Required   Fanout  Node Name
-------------------- ----- ---------  ---------  ------  ------------------------------
                                 0.0                     io_in                         
bits,((33))            0.0                            4
                                 0.0                     _T_10                         
bits,((9))             0.0                            1
                                 0.0                     _T_14                         
eq,((2))               1.0                            2
                                 1.0                     _T_16                         
and,((1,1))            1.0                            2
                                 2.0                     outRawFloat_isInf             
mux,((1),())           0.0                            1
                                 2.0                     _T_83                         
                                            8.0          _T_83                         
or,((12,12))           4.0                            1
                                            4.0          _T_84                         
or,((12,12))           4.0                            1
                                            0.0          _T_88                         
cat,((1,12))           0.0                            1
                                            0.0          _T_93                         
cat,((13,52))          0.0                            0
                                            0.0          io_out                        
==================== ===== =========  =========  ======  ==============================
Node Type            Incr  Arrival    Required   Fanout  Node Name
-------------------- ----- ---------  ---------  ------  ------------------------------
                                 0.0                     io_in                         
bits,((33))            0.0                            4
                                 0.0                     _T_10                         
bits,((9))             0.0                            1
                                 0.0                     _T_14                         
eq,((2))               1.0                            2
                                 1.0                     _T_16                         
and,((1,1))            1.0                            4
                                 2.0                     outRawFloat_isNaN             
mux,((1),())           0.0                            1
                                 2.0                     _T_87                         
                                            4.0          _T_87                         
or,((12,12))           4.0                            1
                                            0.0          _T_88                         
cat,((1,12))           0.0                            1
                                            0.0          _T_93                         
cat,((13,52))          0.0                            0
                                            0.0          io_out                        
==================== ===== =========  =========  ======  ==============================
Node Type            Incr  Arrival    Required   Fanout  Node Name
-------------------- ----- ---------  ---------  ------  ------------------------------
                                 0.0                     io_in                         
bits,((33))            0.0                            4
                                 0.0                     _T_10                         
bits,((9))             0.0                            1
                                 0.0                     _T_14                         
eq,((2))               1.0                            2
                                 1.0                     _T_16                         
and,((1,1))            1.0                            4
                                 2.0                     outRawFloat_isNaN             
                                            4.0          outRawFloat_isNaN             
mux,((1),())           0.0                            1
                                            4.0          _T_87                         
or,((12,12))           4.0                            1
                                            0.0          _T_88                         
cat,((1,12))           0.0                            1
                                            0.0          _T_93                         
cat,((13,52))          0.0                            0
                                            0.0          io_out                        
==================== ===== =========  =========  ======  ==============================
Node Type            Incr  Arrival    Required   Fanout  Node Name
-------------------- ----- ---------  ---------  ------  ------------------------------
                                 0.0                     io_in                         
bits,((33))            0.0                            4
                                 0.0                     _T_10                         
bits,((9))             0.0                            1
                                 0.0                     _T_11                         
eq,((3))               1.0                            3
                                 1.0                     outRawFloat_isZero            
not,((1))              0.0                            1
                                 1.0                     _T_41                         
                                            2.0          _T_41                         
unknown                0.0                            1
                                            2.0          _T_46                         
shl,((27))             1.0                            2
                                            1.0          outRawFloat_sig               
bits,((56))            0.0                            1
                                            1.0          _T_63                         
not,((1))              0.0                            1
                                            1.0          _T_65                         
and,((1,1))            1.0                            1
                                            0.0          invalidExc                    
cat,((1))              0.0                            0
                                            0.0          io_exceptionFlags             
==================== ===== =========  =========  ======  ==============================
Node Type            Incr  Arrival    Required   Fanout  Node Name
-------------------- ----- ---------  ---------  ------  ------------------------------
                                 0.0                     io_in                         
bits,((33))            0.0                            4
                                 0.0                     _T_10                         
bits,((9))             0.0                            1
                                 0.0                     _T_11                         
eq,((3))               1.0                            3
                                 1.0                     outRawFloat_isZero            
not,((1))              0.0                            1
                                 1.0                     _T_41                         
unknown                0.0                            1
                                 1.0                     _T_46                         
                                            2.0          _T_46                         
shl,((27))             1.0                            2
                                            1.0          outRawFloat_sig               
bits,((56))            0.0                            1
                                            1.0          _T_63                         
not,((1))              0.0                            1
                                            1.0          _T_65                         
and,((1,1))            1.0                            1
                                            0.0          invalidExc                    
cat,((1))              0.0                            0
                                            0.0          io_exceptionFlags             
==================== ===== =========  =========  ======  ==============================
Node Type            Incr  Arrival    Required   Fanout  Node Name
-------------------- ----- ---------  ---------  ------  ------------------------------
                                 0.0                     io_in                         
bits,((33))            0.0                            4
                                 0.0                     _T_10                         
bits,((9))             0.0                            1
                                 0.0                     _T_11                         
eq,((3))               1.0                            3
                                 1.0                     outRawFloat_isZero            
not,((1))              0.0                            1
                                 1.0                     _T_41                         
unknown                0.0                            1
                                 1.0                     _T_46                         
shl,((27))             1.0                            2
                                 2.0                     outRawFloat_sig               
bits,((56))            0.0                            1
                                 2.0                     _T_63                         
                                            1.0          _T_63                         
not,((1))              0.0                            1
                                            1.0          _T_65                         
and,((1,1))            1.0                            1
                                            0.0          invalidExc                    
cat,((1))              0.0                            0
                                            0.0          io_exceptionFlags             
==================== ===== =========  =========  ======  ==============================
Node Type            Incr  Arrival    Required   Fanout  Node Name
-------------------- ----- ---------  ---------  ------  ------------------------------
                                 0.0                     io_in                         
bits,((33))            0.0                            4
                                 0.0                     _T_10                         
bits,((9))             0.0                            1
                                 0.0                     _T_11                         
eq,((3))               1.0                            3
                                 1.0                     outRawFloat_isZero            
not,((1))              0.0                            1
                                 1.0                     _T_41                         
unknown                0.0                            1
                                 1.0                     _T_46                         
shl,((27))             1.0                            2
                                 2.0                     outRawFloat_sig               
bits,((56))            0.0                            1
                                 2.0                     _T_63                         
not,((1))              0.0                            1
                                 2.0                     _T_65                         
                                            1.0          _T_65                         
and,((1,1))            1.0                            1
                                            0.0          invalidExc                    
cat,((1))              0.0                            0
                                            0.0          io_exceptionFlags             
==================== ===== =========  =========  ======  ==============================
Node Type            Incr  Arrival    Required   Fanout  Node Name
-------------------- ----- ---------  ---------  ------  ------------------------------
                                 0.0                     io_in                         
bits,((33))            0.0                            4
                                 0.0                     _T_10                         
bits,((9))             0.0                            1
                                 0.0                     _T_14                         
eq,((2))               1.0                            2
                                 1.0                     _T_16                         
and,((1,1))            1.0                            4
                                 2.0                     outRawFloat_isNaN             
not,((1))              0.0                            1
                                 2.0                     _T_67                         
                                            1.0          _T_67                         
and,((1,1))            1.0                            1
                                            0.0          _T_68                         
cat,((1,12))           0.0                            1
                                            0.0          _T_93                         
cat,((13,52))          0.0                            0
                                            0.0          io_out                        
==================== ===== =========  =========  ======  ==============================
Node Type            Incr  Arrival    Required   Fanout  Node Name
-------------------- ----- ---------  ---------  ------  ------------------------------
                                 0.0                     io_in                         
bits,((33))            0.0                            4
                                 0.0                     _T_10                         
bits,((9))             0.0                            1
                                 0.0                     _T_14                         
eq,((2))               1.0                            2
                                 1.0                     _T_16                         
and,((1,1))            1.0                            4
                                 2.0                     outRawFloat_isNaN             
not,((1))              0.0                            1
                                 2.0                     _T_67                         
and,((1,1))            1.0                            1
                                 3.0                     _T_68                         
                                            0.0          _T_68                         
cat,((1,12))           0.0                            1
                                            0.0          _T_93                         
cat,((13,52))          0.0                            0
                                            0.0          io_out                        
==================== ===== =========  =========  ======  ==============================
Node Type            Incr  Arrival    Required   Fanout  Node Name
-------------------- ----- ---------  ---------  ------  ------------------------------
                                 0.0                     io_in                         
bits,((33))            0.0                            4
                                 0.0                     _T_10                         
bits,((9))             0.0                            1
                                 0.0                     _T_11                         
eq,((3))               1.0                            3
                                 1.0                     outRawFloat_isZero            
not,((1))              0.0                            1
                                 1.0                     _T_41                         
unknown                0.0                            1
                                 1.0                     _T_46                         
shl,((27))             1.0                            2
                                 2.0                     outRawFloat_sig               
bits,((56))            0.0                            1
                                 2.0                     _T_91                         
                                            1.0          _T_91                         
mux,((1),(52))         1.0                            1
                                            0.0          _T_92                         
cat,((13,52))          0.0                            0
                                            0.0          io_out                        
==================== ===== =========  =========  ======  ==============================
Node Type            Incr  Arrival    Required   Fanout  Node Name
-------------------- ----- ---------  ---------  ------  ------------------------------
                                 0.0                     io_in                         
bits,((33))            0.0                            4
                                 0.0                     _T_10                         
bits,((9))             0.0                            1
                                 0.0                     _T_14                         
eq,((2))               1.0                            2
                                 1.0                     _T_16                         
and,((1,1))            1.0                            4
                                 2.0                     outRawFloat_isNaN             
mux,((1),(52))         1.0                            1
                                 3.0                     _T_92                         
                                            0.0          _T_92                         
cat,((13,52))          0.0                            0
                                            0.0          io_out                        
==================== ===== =========  =========  ======  ==============================
Node Type            Incr  Arrival    Required   Fanout  Node Name
-------------------- ----- ---------  ---------  ------  ------------------------------
                                 0.0                     io_in                         
bits,((33))            0.0                            4
                                 0.0                     _T_10                         
bits,((9))             0.0                            1
                                 0.0                     _T_14                         
eq,((2))               1.0                            2
                                 1.0                     _T_16                         
and,((1,1))            1.0                            4
                                 2.0                     outRawFloat_isNaN             
and,((1,1))            1.0                            1
                                 3.0                     invalidExc                    
                                            0.0          invalidExc                    
cat,((1))              0.0                            0
                                            0.0          io_exceptionFlags             
==================== ===== =========  =========  ======  ==============================
Node Type            Incr  Arrival    Required   Fanout  Node Name
-------------------- ----- ---------  ---------  ------  ------------------------------
                                 0.0                     io_in                         
bits,((33))            0.0                            4
                                 0.0                     _T_10                         
bits,((9))             0.0                            1
                                 0.0                     _T_14                         
eq,((2))               1.0                            2
                                 1.0                     _T_16                         
and,((1,1))            1.0                            4
                                 2.0                     outRawFloat_isNaN             
and,((1,1))            1.0                            1
                                 3.0                     invalidExc                    
cat,((1))              0.0                            0
                                 3.0                     io_exceptionFlags             
                                            0.0          io_exceptionFlags             
==================== ===== =========  =========  ======  ==============================
Node Type            Incr  Arrival    Required   Fanout  Node Name
-------------------- ----- ---------  ---------  ------  ------------------------------
                                 0.0                     io_in                         
bits,((33))            0.0                            4
                                 0.0                     _T_10                         
bits,((9))             0.0                            1
                                 0.0                     _T_11                         
eq,((3))               1.0                            3
                                 1.0                     outRawFloat_isZero            
not,((1))              0.0                            1
                                 1.0                     _T_41                         
unknown                0.0                            1
                                 1.0                     _T_46                         
shl,((27))             1.0                            2
                                 2.0                     outRawFloat_sig               
                                            1.0          outRawFloat_sig               
bits,((56))            0.0                            1
                                            1.0          _T_63                         
not,((1))              0.0                            1
                                            1.0          _T_65                         
and,((1,1))            1.0                            1
                                            0.0          invalidExc                    
cat,((1))              0.0                            0
                                            0.0          io_exceptionFlags             
==================== ===== =========  =========  ======  ==============================
Node Type            Incr  Arrival    Required   Fanout  Node Name
-------------------- ----- ---------  ---------  ------  ------------------------------
                                 0.0                     io_in                         
bits,((33))            0.0                            1
                                 0.0                     _T_42                         
                                            2.0          _T_42                         
unknown                0.0                            1
                                            2.0          _T_46                         
shl,((27))             1.0                            2
                                            1.0          outRawFloat_sig               
bits,((56))            0.0                            1
                                            1.0          _T_63                         
not,((1))              0.0                            1
                                            1.0          _T_65                         
and,((1,1))            1.0                            1
                                            0.0          invalidExc                    
cat,((1))              0.0                            0
                                            0.0          io_exceptionFlags             
==================== ===== =========  =========  ======  ==============================
Node Type            Incr  Arrival    Required   Fanout  Node Name
-------------------- ----- ---------  ---------  ------  ------------------------------
                                 0.0                     io_in                         
bits,((33))            0.0                            1
                                 0.0                     outRawFloat_sign              
                                            1.0          outRawFloat_sign              
and,((1,1))            1.0                            1
                                            0.0          _T_68                         
cat,((1,12))           0.0                            1
                                            0.0          _T_93                         
cat,((13,52))          0.0                            0
                                            0.0          io_out                        
==================== ===== =========  =========  ======  ==============================
============================================================================
